<?xml version="1.0" encoding="UTF-8"?>
<testng-results skipped="0" failed="0" total="1" passed="1">
  <reporter-output>
  </reporter-output>
  <suite name="Suite" duration-ms="25705" started-at="2017-10-17T09:37:28Z" finished-at="2017-10-17T09:37:54Z">
    <groups>
    </groups>
    <test name="Test" duration-ms="25705" started-at="2017-10-17T09:37:28Z" finished-at="2017-10-17T09:37:54Z">
      <class name="easework.Eazework">
        <test-method status="PASS" signature="logIn()[pri:0, instance:easework.Eazework@6e1ec318]" name="logIn" duration-ms="25633" started-at="2017-10-17T15:07:28Z" finished-at="2017-10-17T15:07:54Z">
          <reporter-output>
          </reporter-output>
        </test-method> <!-- logIn -->
      </class> <!-- easework.Eazework -->
    </test> <!-- Test -->
  </suite> <!-- Suite -->
</testng-results>
