<?xml version="1.0" encoding="UTF-8"?>
<testng-results skipped="0" failed="0" total="1" passed="1">
  <reporter-output>
  </reporter-output>
  <suite name="Suite" duration-ms="15109" started-at="2017-10-16T12:57:08Z" finished-at="2017-10-16T12:57:23Z">
    <groups>
    </groups>
    <test name="Test" duration-ms="15109" started-at="2017-10-16T12:57:08Z" finished-at="2017-10-16T12:57:23Z">
      <class name="easework.Eazework">
        <test-method status="PASS" signature="logIn()[pri:0, instance:easework.Eazework@6e1ec318]" name="logIn" duration-ms="15048" started-at="2017-10-16T18:27:08Z" finished-at="2017-10-16T18:27:23Z">
          <reporter-output>
          </reporter-output>
        </test-method> <!-- logIn -->
      </class> <!-- easework.Eazework -->
    </test> <!-- Test -->
  </suite> <!-- Suite -->
</testng-results>
